2022-12-13 15:57:02.079 INFO  (main) [   ] o.e.j.u.log Logging initialized @2784ms to org.eclipse.jetty.util.log.Slf4jLog
2022-12-13 15:57:02.598 INFO  (main) [   ] o.e.j.s.Server jetty-9.4.44.v20210927; built: 2021-09-27T23:02:44.612Z; git: 8da83308eeca865e495e53ef315a249d63ba9332; jvm 1.8.0_351-b10
2022-12-13 15:57:02.624 INFO  (main) [   ] o.e.j.d.p.ScanningAppProvider Deployment monitor [file:///C:/Users/DELL/Desktop/Inform%20Retrieve/Module%200/solr-8.11.2/server/contexts/] at interval 0
2022-12-13 15:57:04.353 INFO  (main) [   ] o.e.j.w.StandardDescriptorProcessor NO JSP Support for /solr, did not find org.apache.jasper.servlet.JspServlet
2022-12-13 15:57:04.374 INFO  (main) [   ] o.e.j.s.session DefaultSessionIdManager workerName=node0
2022-12-13 15:57:04.374 INFO  (main) [   ] o.e.j.s.session No SessionScavenger set, using defaults
2022-12-13 15:57:04.384 INFO  (main) [   ] o.e.j.s.session node0 Scavenging every 600000ms
2022-12-13 15:57:04.499 INFO  (main) [   ] o.a.s.s.SolrDispatchFilter Using logger factory org.apache.logging.slf4j.Log4jLoggerFactory
2022-12-13 15:57:04.507 INFO  (main) [   ] o.a.s.s.SolrDispatchFilter  ___      _       Welcome to Apache Solr? version 8.11.2
2022-12-13 15:57:04.507 INFO  (main) [   ] o.a.s.s.SolrDispatchFilter / __| ___| |_ _   Starting in standalone mode on port 8983
2022-12-13 15:57:04.507 INFO  (main) [   ] o.a.s.s.SolrDispatchFilter \__ \/ _ \ | '_|  Install dir: C:\Users\DELL\Desktop\Inform Retrieve\Module 0\solr-8.11.2
2022-12-13 15:57:04.508 INFO  (main) [   ] o.a.s.s.SolrDispatchFilter |___/\___/_|_|    Start time: 2022-12-13T15:57:04.508Z
2022-12-13 15:57:04.528 INFO  (main) [   ] o.a.s.c.SolrPaths Using system property solr.solr.home: C:\Users\DELL\Desktop\Inform Retrieve\Module 0\solr-8.11.2\server\solr
2022-12-13 15:57:04.528 INFO  (main) [   ] o.a.s.c.SolrXmlConfig Loading container configuration from C:\Users\DELL\Desktop\Inform Retrieve\Module 0\solr-8.11.2\server\solr\solr.xml
2022-12-13 15:57:04.713 INFO  (main) [   ] o.a.s.c.SolrXmlConfig MBean server found: com.sun.jmx.mbeanserver.JmxMBeanServer@3d680b5a, but no JMX reporters were configured - adding default JMX reporter.
2022-12-13 15:57:05.564 INFO  (main) [   ] o.a.s.h.c.HttpShardHandlerFactory Host whitelist initialized: WhitelistHostChecker [whitelistHosts=null, whitelistHostCheckingEnabled=true]
2022-12-13 15:57:06.345 WARN  (main) [   ] o.e.j.u.s.S.config Trusting all certificates configured for Client@6d6bc158[provider=null,keyStore=null,trustStore=null]
2022-12-13 15:57:06.345 WARN  (main) [   ] o.e.j.u.s.S.config No Client EndPointIdentificationAlgorithm configured for Client@6d6bc158[provider=null,keyStore=null,trustStore=null]
2022-12-13 15:57:06.506 WARN  (main) [   ] o.e.j.u.s.S.config Trusting all certificates configured for Client@7668d560[provider=null,keyStore=null,trustStore=null]
2022-12-13 15:57:06.507 WARN  (main) [   ] o.e.j.u.s.S.config No Client EndPointIdentificationAlgorithm configured for Client@7668d560[provider=null,keyStore=null,trustStore=null]
2022-12-13 15:57:06.597 WARN  (main) [   ] o.a.s.c.CoreContainer Not all security plugins configured!  authentication=disabled authorization=disabled.  Solr is only as secure as you make it. Consider configuring authentication/authorization before exposing Solr to users internal or external.  See https://s.apache.org/solrsecurity for more info
2022-12-13 15:57:06.802 INFO  (main) [   ] o.a.s.c.TransientSolrCoreCacheDefault Allocating transient core cache for max 2147483647 cores with initial capacity of 1024
2022-12-13 15:57:06.819 INFO  (main) [   ] o.a.s.h.a.MetricsHistoryHandler No .system collection, keeping metrics history in memory.
2022-12-13 15:57:06.911 INFO  (main) [   ] o.a.s.m.r.SolrJmxReporter JMX monitoring for 'solr.node' (registry 'solr.node') enabled at server: com.sun.jmx.mbeanserver.JmxMBeanServer@3d680b5a
2022-12-13 15:57:06.911 INFO  (main) [   ] o.a.s.m.r.SolrJmxReporter JMX monitoring for 'solr.jvm' (registry 'solr.jvm') enabled at server: com.sun.jmx.mbeanserver.JmxMBeanServer@3d680b5a
2022-12-13 15:57:06.913 INFO  (main) [   ] o.a.s.m.r.SolrJmxReporter JMX monitoring for 'solr.jetty' (registry 'solr.jetty') enabled at server: com.sun.jmx.mbeanserver.JmxMBeanServer@3d680b5a
2022-12-13 15:57:06.970 INFO  (main) [   ] o.a.s.c.CorePropertiesLocator Found 1 core definitions underneath C:\Users\DELL\Desktop\Inform Retrieve\Module 0\solr-8.11.2\server\solr
2022-12-13 15:57:06.971 INFO  (main) [   ] o.a.s.c.CorePropertiesLocator Cores are: [simple]
2022-12-13 15:57:07.038 INFO  (coreLoadExecutor-13-thread-1) [   x:simple] o.a.s.c.SolrConfig Using Lucene MatchVersion: 8.11.2
2022-12-13 15:57:07.099 WARN  (coreLoadExecutor-13-thread-1) [   x:simple] o.a.s.c.SolrConfig solrconfig.xml: <jmx> is no longer supported, use solr.xml:/metrics/reporter section instead
2022-12-13 15:57:07.236 INFO  (coreLoadExecutor-13-thread-1) [   x:simple] o.a.s.s.IndexSchema Schema name=default-config
2022-12-13 15:57:07.697 WARN  (coreLoadExecutor-13-thread-1) [   x:simple] o.a.s.s.AbstractSpatialPrefixTreeFieldType FieldType SpatialRecursivePrefixTreeFieldType does not allow omitNorms to be specified in schema, hardcoded behavior is omitNorms=true
2022-12-13 15:57:07.697 WARN  (coreLoadExecutor-13-thread-1) [   x:simple] o.a.s.s.AbstractSpatialPrefixTreeFieldType FieldType SpatialRecursivePrefixTreeFieldType does not allow omitTermFreqAndPositions to be specified in schema, hardcoded behavior is omitTermFreqAndPositions=true
2022-12-13 15:57:07.697 WARN  (coreLoadExecutor-13-thread-1) [   x:simple] o.a.s.s.AbstractSpatialPrefixTreeFieldType FieldType SpatialRecursivePrefixTreeFieldType does not allow termOffsets to be specified in schema, hardcoded behavior is termOffsets=false
2022-12-13 15:57:07.697 WARN  (coreLoadExecutor-13-thread-1) [   x:simple] o.a.s.s.AbstractSpatialPrefixTreeFieldType FieldType SpatialRecursivePrefixTreeFieldType does not allow termPositions to be specified in schema, hardcoded behavior is termPositions=false
2022-12-13 15:57:07.698 WARN  (coreLoadExecutor-13-thread-1) [   x:simple] o.a.s.s.AbstractSpatialPrefixTreeFieldType FieldType SpatialRecursivePrefixTreeFieldType does not allow omitPositions to be specified in schema, hardcoded behavior is omitPositions=true
2022-12-13 15:57:08.030 INFO  (main) [   ] o.e.j.s.h.ContextHandler Started o.e.j.w.WebAppContext@7e057f43{/solr,file:///C:/Users/DELL/Desktop/Inform%20Retrieve/Module%200/solr-8.11.2/server/solr-webapp/webapp/,AVAILABLE}{C:\Users\DELL\Desktop\Inform Retrieve\Module 0\solr-8.11.2\server/solr-webapp/webapp}
2022-12-13 15:57:08.063 INFO  (main) [   ] o.e.j.s.AbstractConnector Started ServerConnector@4fb3ee4e{HTTP/1.1, (http/1.1, h2c)}{0.0.0.0:8983}
2022-12-13 15:57:08.063 INFO  (main) [   ] o.e.j.s.Server Started @8771ms
2022-12-13 15:57:08.140 INFO  (coreLoadExecutor-13-thread-1) [   x:simple] o.a.s.s.IndexSchema Loaded schema default-config/1.6 with uniqueid field id
2022-12-13 15:57:08.285 INFO  (coreLoadExecutor-13-thread-1) [   x:simple] o.a.s.c.CoreContainer Creating SolrCore 'simple' using configuration from instancedir C:\Users\DELL\Desktop\Inform Retrieve\Module 0\solr-8.11.2\server\solr\simple, trusted=true
2022-12-13 15:57:08.338 INFO  (coreLoadExecutor-13-thread-1) [   x:simple] o.a.s.m.r.SolrJmxReporter JMX monitoring for 'solr.core.simple' (registry 'solr.core.simple') enabled at server: com.sun.jmx.mbeanserver.JmxMBeanServer@3d680b5a
2022-12-13 15:57:08.367 INFO  (coreLoadExecutor-13-thread-1) [   x:simple] o.a.s.c.SolrCore [[simple] ] Opening new SolrCore at [C:\Users\DELL\Desktop\Inform Retrieve\Module 0\solr-8.11.2\server\solr\simple], dataDir=[C:\Users\DELL\Desktop\Inform Retrieve\Module 0\solr-8.11.2\server\solr\simple\data\]
2022-12-13 15:57:09.273 INFO  (coreLoadExecutor-13-thread-1) [   x:simple] o.a.s.u.UpdateHandler Using UpdateLog implementation: org.apache.solr.update.UpdateLog
2022-12-13 15:57:09.274 INFO  (coreLoadExecutor-13-thread-1) [   x:simple] o.a.s.u.UpdateLog Initializing UpdateLog: dataDir= defaultSyncLevel=FLUSH numRecordsToKeep=100 maxNumLogsToKeep=10 numVersionBuckets=65536
2022-12-13 15:57:09.310 INFO  (coreLoadExecutor-13-thread-1) [   x:simple] o.a.s.u.CommitTracker Hard AutoCommit: if uncommitted for 15000ms; 
2022-12-13 15:57:09.311 INFO  (coreLoadExecutor-13-thread-1) [   x:simple] o.a.s.u.CommitTracker Soft AutoCommit: disabled
2022-12-13 15:57:09.790 INFO  (coreLoadExecutor-13-thread-1) [   x:simple] o.a.s.r.ManagedResourceStorage File-based storage initialized to use dir: C:\Users\DELL\Desktop\Inform Retrieve\Module 0\solr-8.11.2\server\solr\simple\conf
2022-12-13 15:57:09.816 INFO  (coreLoadExecutor-13-thread-1) [   x:simple] o.a.s.h.c.SpellCheckComponent Initializing spell checkers
2022-12-13 15:57:09.826 INFO  (coreLoadExecutor-13-thread-1) [   x:simple] o.a.s.s.DirectSolrSpellChecker init: {name=default,field=_text_,classname=solr.DirectSolrSpellChecker,distanceMeasure=internal,accuracy=0.5,maxQueryFrequency=0.01,maxEdits=2,minPrefix=1,maxInspections=5,minQueryLength=4}
2022-12-13 15:57:09.840 INFO  (coreLoadExecutor-13-thread-1) [   x:simple] o.a.s.h.ReplicationHandler Commits will be reserved for 10000 ms
2022-12-13 15:57:09.862 INFO  (searcherExecutor-15-thread-1-processing-x:simple) [   x:simple] o.a.s.c.QuerySenderListener QuerySenderListener done.
2022-12-13 15:57:09.862 INFO  (searcherExecutor-15-thread-1-processing-x:simple) [   x:simple] o.a.s.h.c.SpellCheckComponent Loading spell index for spellchecker: default
2022-12-13 15:57:09.879 INFO  (searcherExecutor-15-thread-1-processing-x:simple) [   x:simple] o.a.s.c.SolrCore [simple]  Registered new searcher autowarm time: 0 ms
2022-12-13 15:57:13.195 INFO  (qtp119358627-24) [   ] o.a.s.s.HttpSolrCall [admin] webapp=null path=/admin/info/system params={wt=json} status=0 QTime=326
2022-12-13 16:01:32.444 INFO  (ShutdownMonitor) [   ] o.e.j.s.AbstractConnector Stopped ServerConnector@4fb3ee4e{HTTP/1.1, (http/1.1, h2c)}{0.0.0.0:8983}
2022-12-13 16:01:32.445 INFO  (ShutdownMonitor) [   ] o.e.j.s.session node0 Stopped scavenging
2022-12-13 16:01:32.452 INFO  (ShutdownMonitor) [   ] o.a.s.c.CoreContainer Shutting down CoreContainer instance=1201004240
2022-12-13 16:01:32.461 INFO  (coreCloseExecutor-21-thread-1) [   ] o.a.s.c.SolrCore [simple]  CLOSING SolrCore org.apache.solr.core.SolrCore@32b99498
2022-12-13 16:01:32.461 INFO  (coreCloseExecutor-21-thread-1) [   ] o.a.s.m.SolrMetricManager Closing metric reporters for registry=solr.core.simple tag=SolrCore@32b99498
2022-12-13 16:01:32.462 INFO  (coreCloseExecutor-21-thread-1) [   ] o.a.s.m.r.SolrJmxReporter Closing reporter [org.apache.solr.metrics.reporters.SolrJmxReporter@4720e696: rootName = null, domain = solr.core.simple, service url = null, agent id = null] for registry solr.core.simple/com.codahale.metrics.MetricRegistry@3cf46a6a
2022-12-13 16:01:32.487 INFO  (coreCloseExecutor-21-thread-1) [   ] o.a.s.u.DirectUpdateHandler2 Committing on IndexWriter.close()  ... SKIPPED (unnecessary).
2022-12-13 16:01:32.519 INFO  (ShutdownMonitor) [   ] o.a.s.m.SolrMetricManager Closing metric reporters for registry=solr.node tag=null
2022-12-13 16:01:32.519 INFO  (ShutdownMonitor) [   ] o.a.s.m.r.SolrJmxReporter Closing reporter [org.apache.solr.metrics.reporters.SolrJmxReporter@21ab988f: rootName = null, domain = solr.node, service url = null, agent id = null] for registry solr.node/com.codahale.metrics.MetricRegistry@3d70e386
2022-12-13 16:01:32.523 INFO  (ShutdownMonitor) [   ] o.a.s.m.SolrMetricManager Closing metric reporters for registry=solr.jvm tag=null
2022-12-13 16:01:32.523 INFO  (ShutdownMonitor) [   ] o.a.s.m.r.SolrJmxReporter Closing reporter [org.apache.solr.metrics.reporters.SolrJmxReporter@304a3655: rootName = null, domain = solr.jvm, service url = null, agent id = null] for registry solr.jvm/com.codahale.metrics.MetricRegistry@7c1de58e
2022-12-13 16:01:32.524 INFO  (ShutdownMonitor) [   ] o.a.s.m.SolrMetricManager Closing metric reporters for registry=solr.jetty tag=null
2022-12-13 16:01:32.525 INFO  (ShutdownMonitor) [   ] o.a.s.m.r.SolrJmxReporter Closing reporter [org.apache.solr.metrics.reporters.SolrJmxReporter@368d5c00: rootName = null, domain = solr.jetty, service url = null, agent id = null] for registry solr.jetty/com.codahale.metrics.MetricRegistry@33802dd
2022-12-13 16:01:32.545 INFO  (ShutdownMonitor) [   ] o.e.j.s.h.ContextHandler Stopped o.e.j.w.WebAppContext@7e057f43{/solr,null,STOPPED}{C:\Users\DELL\Desktop\Inform Retrieve\Module 0\solr-8.11.2\server/solr-webapp/webapp}
